<?xml version="1.0" encoding="UTF-8"?>
<testng-results ignored="0" total="1" passed="1" failed="0" skipped="0">
  <reporter-output>
  </reporter-output>
  <suite started-at="2022-05-23T15:44:07 PDT" name="Default suite" finished-at="2022-05-23T15:44:16 PDT" duration-ms="8526">
    <groups>
    </groups>
    <test started-at="2022-05-23T15:44:07 PDT" name="Default test" finished-at="2022-05-23T15:44:16 PDT" duration-ms="8526">
      <class name="test.AddContactTest">
        <test-method signature="validUserShouldBeAbletoLogin()[pri:0, instance:test.AddContactTest@77eca502]" started-at="2022-05-23T15:44:07 PDT" name="validUserShouldBeAbletoLogin" finished-at="2022-05-23T15:44:16 PDT" duration-ms="8492" status="PASS">
          <reporter-output>
          </reporter-output>
        </test-method> <!-- validUserShouldBeAbletoLogin -->
      </class> <!-- test.AddContactTest -->
    </test> <!-- Default test -->
  </suite> <!-- Default suite -->
</testng-results>
